I, [2020-11-12T17:49:01.473875 #10743]  INFO -- : gather_input: begin to gather funding.
I, [2020-11-12T17:49:01.482974 #10743]  INFO -- : gather_input: begin to gather funding.
I, [2020-11-12T17:49:01.493472 #10743]  INFO -- : gather_input: refund_minimal_capacity: 13400000000, change_minimal_capacity: 13400000000
I, [2020-11-12T17:49:01.505596 #10743]  INFO -- : 0x038d3cfceea4f9c2e76c5c4f5e99aec74c26d6ac894648b5700a0b71f91f9b5c2a send msg1.
I, [2020-11-12T17:57:27.680119 #11449]  INFO -- : gather_input: begin to gather funding.
I, [2020-11-12T17:57:27.703528 #11449]  INFO -- : gather_input: begin to gather funding.
I, [2020-11-12T17:57:27.716243 #11449]  INFO -- : gather_input: refund_minimal_capacity: 13400000000, change_minimal_capacity: 13400000000
I, [2020-11-12T17:57:27.739304 #11449]  INFO -- : 0x038d3cfceea4f9c2e76c5c4f5e99aec74c26d6ac894648b5700a0b71f91f9b5c2a send msg1.
I, [2020-11-12T17:57:27.899234 #11449]  INFO -- : 0x038d3cfceea4f9c2e76c5c4f5e99aec74c26d6ac894648b5700a0b71f91f9b5c2a msg2 comes, the number of record in the db is 1, id: 2382ab20d0c7786ffc81ddad2900b4a0
I, [2020-11-12T17:57:27.901278 #11449]  INFO -- : 0x038d3cfceea4f9c2e76c5c4f5e99aec74c26d6ac894648b5700a0b71f91f9b5c2a receive msg 2.
I, [2020-11-12T17:57:27.906144 #11449]  INFO -- : 0x038d3cfceea4f9c2e76c5c4f5e99aec74c26d6ac894648b5700a0b71f91f9b5c2a check msg_2: msg parsed.
I, [2020-11-12T17:57:27.909813 #11449]  INFO -- : 0x038d3cfceea4f9c2e76c5c4f5e99aec74c26d6ac894648b5700a0b71f91f9b5c2a check msg_2: separte remote change.
I, [2020-11-12T17:57:27.909857 #11449]  INFO -- : 0x038d3cfceea4f9c2e76c5c4f5e99aec74c26d6ac894648b5700a0b71f91f9b5c2a check msg_2: start to check remote cells.
I, [2020-11-12T17:57:27.909878 #11449]  INFO -- : 0x038d3cfceea4f9c2e76c5c4f5e99aec74c26d6ac894648b5700a0b71f91f9b5c2a check cells: amount begin.
I, [2020-11-12T17:57:27.909917 #11449]  INFO -- : 0x038d3cfceea4f9c2e76c5c4f5e99aec74c26d6ac894648b5700a0b71f91f9b5c2a assemble_change: begin.
I, [2020-11-12T17:57:27.909939 #11449]  INFO -- : 0x038d3cfceea4f9c2e76c5c4f5e99aec74c26d6ac894648b5700a0b71f91f9b5c2a assemble_change: capacity assembled.
I, [2020-11-12T17:57:27.909956 #11449]  INFO -- : 0x038d3cfceea4f9c2e76c5c4f5e99aec74c26d6ac894648b5700a0b71f91f9b5c2a assemble_change: branch 2.
I, [2020-11-12T17:57:27.914144 #11449]  INFO -- : check_output: udt, expect: 2000000, actual: 2000000
I, [2020-11-12T17:57:27.916324 #11449]  INFO -- : check_output: ckb, expect: 0, actual: 0
I, [2020-11-12T17:57:27.916371 #11449]  INFO -- : 0x038d3cfceea4f9c2e76c5c4f5e99aec74c26d6ac894648b5700a0b71f91f9b5c2a check cells: capacity end.
I, [2020-11-12T17:57:27.916392 #11449]  INFO -- : 0x038d3cfceea4f9c2e76c5c4f5e99aec74c26d6ac894648b5700a0b71f91f9b5c2a check msg_2: remote cells have been checked.
I, [2020-11-12T17:57:27.916618 #11449]  INFO -- : 0x038d3cfceea4f9c2e76c5c4f5e99aec74c26d6ac894648b5700a0b71f91f9b5c2a check msg_2: gpc output has been checked.
I, [2020-11-12T17:57:27.916643 #11449]  INFO -- : 0x038d3cfceea4f9c2e76c5c4f5e99aec74c26d6ac894648b5700a0b71f91f9b5c2a check msg_2: read input finished.
I, [2020-11-12T17:57:27.928664 #11449]  INFO -- : 0x038d3cfceea4f9c2e76c5c4f5e99aec74c26d6ac894648b5700a0b71f91f9b5c2a send msg_3: stx and ctx construction finished.
I, [2020-11-12T17:57:27.928779 #11449]  INFO -- : 0x038d3cfceea4f9c2e76c5c4f5e99aec74c26d6ac894648b5700a0b71f91f9b5c2a send msg_3: msg sent.
I, [2020-11-12T17:57:28.050863 #11449]  INFO -- : 0x038d3cfceea4f9c2e76c5c4f5e99aec74c26d6ac894648b5700a0b71f91f9b5c2a msg4 comes, the number of record in the db is 1, id: 0459ff7946cf14a7db26d9f6f4095896
I, [2020-11-12T17:57:28.052678 #11449]  INFO -- : 0x038d3cfceea4f9c2e76c5c4f5e99aec74c26d6ac894648b5700a0b71f91f9b5c2a receive msg 4.
I, [2020-11-12T17:57:28.092009 #11449]  INFO -- : sign_tx: finish input_group.
I, [2020-11-12T17:57:28.092242 #11449]  INFO -- : sign_tx: include the first witness.
I, [2020-11-12T17:57:28.092279 #11449]  INFO -- : sign_tx: include the witness in the same group.
I, [2020-11-12T17:57:28.092299 #11449]  INFO -- : sign_tx: include other witnesses.
I, [2020-11-12T17:57:28.096041 #11449]  INFO -- : sign_tx: sign successfully.
I, [2020-11-12T17:57:28.096112 #11449]  INFO -- : sign_tx: all done.
I, [2020-11-12T17:57:46.372238 #11506]  INFO -- : gather_input: begin to gather funding.
I, [2020-11-12T17:58:21.042733 #11586]  INFO -- : gather_input: begin to gather funding.
I, [2020-11-12T17:58:21.064650 #11586]  INFO -- : gather_input: begin to gather funding.
I, [2020-11-12T17:58:21.066387 #11586]  INFO -- : gather_input: refund_minimal_capacity: 13400000000, change_minimal_capacity: 13400000000
I, [2020-11-12T17:58:21.071376 #11586]  INFO -- : 0x038d3cfceea4f9c2e76c5c4f5e99aec74c26d6ac894648b5700a0b71f91f9b5c2a send msg1.
I, [2020-11-12T17:58:21.251697 #11586]  INFO -- : 0x038d3cfceea4f9c2e76c5c4f5e99aec74c26d6ac894648b5700a0b71f91f9b5c2a msg2 comes, the number of record in the db is 1, id: 0c04631fda88b66fb3867b8742afd672
I, [2020-11-12T17:58:21.253811 #11586]  INFO -- : 0x038d3cfceea4f9c2e76c5c4f5e99aec74c26d6ac894648b5700a0b71f91f9b5c2a receive msg 2.
I, [2020-11-12T17:58:21.264595 #11586]  INFO -- : 0x038d3cfceea4f9c2e76c5c4f5e99aec74c26d6ac894648b5700a0b71f91f9b5c2a check msg_2: msg parsed.
I, [2020-11-12T17:58:21.271831 #11586]  INFO -- : 0x038d3cfceea4f9c2e76c5c4f5e99aec74c26d6ac894648b5700a0b71f91f9b5c2a check msg_2: separte remote change.
I, [2020-11-12T17:58:21.271879 #11586]  INFO -- : 0x038d3cfceea4f9c2e76c5c4f5e99aec74c26d6ac894648b5700a0b71f91f9b5c2a check msg_2: start to check remote cells.
I, [2020-11-12T17:58:21.271897 #11586]  INFO -- : 0x038d3cfceea4f9c2e76c5c4f5e99aec74c26d6ac894648b5700a0b71f91f9b5c2a check cells: amount begin.
I, [2020-11-12T17:58:21.271934 #11586]  INFO -- : 0x038d3cfceea4f9c2e76c5c4f5e99aec74c26d6ac894648b5700a0b71f91f9b5c2a assemble_change: begin.
I, [2020-11-12T17:58:21.271955 #11586]  INFO -- : 0x038d3cfceea4f9c2e76c5c4f5e99aec74c26d6ac894648b5700a0b71f91f9b5c2a assemble_change: capacity assembled.
I, [2020-11-12T17:58:21.271971 #11586]  INFO -- : 0x038d3cfceea4f9c2e76c5c4f5e99aec74c26d6ac894648b5700a0b71f91f9b5c2a assemble_change: branch 2.
I, [2020-11-12T17:58:21.279427 #11586]  INFO -- : check_output: udt, expect: 2000000, actual: 2000000
I, [2020-11-12T17:58:21.282000 #11586]  INFO -- : check_output: ckb, expect: 0, actual: 0
I, [2020-11-12T17:58:21.282048 #11586]  INFO -- : 0x038d3cfceea4f9c2e76c5c4f5e99aec74c26d6ac894648b5700a0b71f91f9b5c2a check cells: capacity end.
I, [2020-11-12T17:58:21.282068 #11586]  INFO -- : 0x038d3cfceea4f9c2e76c5c4f5e99aec74c26d6ac894648b5700a0b71f91f9b5c2a check msg_2: remote cells have been checked.
I, [2020-11-12T17:58:21.282289 #11586]  INFO -- : 0x038d3cfceea4f9c2e76c5c4f5e99aec74c26d6ac894648b5700a0b71f91f9b5c2a check msg_2: gpc output has been checked.
I, [2020-11-12T17:58:21.282313 #11586]  INFO -- : 0x038d3cfceea4f9c2e76c5c4f5e99aec74c26d6ac894648b5700a0b71f91f9b5c2a check msg_2: read input finished.
I, [2020-11-12T17:58:21.294021 #11586]  INFO -- : 0x038d3cfceea4f9c2e76c5c4f5e99aec74c26d6ac894648b5700a0b71f91f9b5c2a send msg_3: stx and ctx construction finished.
I, [2020-11-12T17:58:21.294144 #11586]  INFO -- : 0x038d3cfceea4f9c2e76c5c4f5e99aec74c26d6ac894648b5700a0b71f91f9b5c2a send msg_3: msg sent.
I, [2020-11-12T17:58:21.406609 #11586]  INFO -- : 0x038d3cfceea4f9c2e76c5c4f5e99aec74c26d6ac894648b5700a0b71f91f9b5c2a msg4 comes, the number of record in the db is 1, id: 835581e9c66292bb7be7338247f7accd
I, [2020-11-12T17:58:21.408823 #11586]  INFO -- : 0x038d3cfceea4f9c2e76c5c4f5e99aec74c26d6ac894648b5700a0b71f91f9b5c2a receive msg 4.
I, [2020-11-12T17:58:21.445899 #11586]  INFO -- : sign_tx: finish input_group.
I, [2020-11-12T17:58:21.446167 #11586]  INFO -- : sign_tx: include the first witness.
I, [2020-11-12T17:58:21.446204 #11586]  INFO -- : sign_tx: include the witness in the same group.
I, [2020-11-12T17:58:21.446227 #11586]  INFO -- : sign_tx: include other witnesses.
I, [2020-11-12T17:58:21.449598 #11586]  INFO -- : sign_tx: sign successfully.
I, [2020-11-12T17:58:21.449625 #11586]  INFO -- : sign_tx: all done.
I, [2020-11-12T17:59:30.463262 #11707]  INFO -- : 0x470dcdc5e44064909650113a274b3b36aecb6dc7 send_payments: prepare to send {:udt=>1}
I, [2020-11-12T17:59:30.463630 #11707]  INFO -- : 0x470dcdc5e44064909650113a274b3b36aecb6dc7 is payer.
I, [2020-11-12T17:59:30.463657 #11707]  INFO -- : 0xf261ea0fca37e5dbaf797640d36d382ca66c22f5 is payee.
I, [2020-11-12T17:59:30.463676 #11707]  INFO -- : update_stx: begin.
I, [2020-11-12T17:59:30.463695 #11707]  INFO -- : update_stx: output: #<CKB::Types::Output:0x00007fd72c981d08>, output_data: 0x0000000000000000
I, [2020-11-12T17:59:30.463912 #11707]  INFO -- : update_stx: udt branch.
I, [2020-11-12T17:59:39.212139 #11731]  INFO -- : 0x470dcdc5e44064909650113a274b3b36aecb6dc7 make_exchange: ckb2udt
I, [2020-11-12T17:59:39.212210 #11731]  INFO -- : 0x470dcdc5e44064909650113a274b3b36aecb6dc7 is payer, 0xf261ea0fca37e5dbaf797640d36d382ca66c22f5 is payee.
I, [2020-11-12T17:59:39.212470 #11731]  INFO -- : update_stx: begin.
I, [2020-11-12T17:59:39.212500 #11731]  INFO -- : update_stx: output: #<CKB::Types::Output:0x00007fcae897e6a8>, output_data: 0x0000000000000000
I, [2020-11-12T17:59:39.212706 #11731]  INFO -- : update_stx: ckb branch.
I, [2020-11-12T17:59:39.212751 #11731]  INFO -- : update_stx: begin.
I, [2020-11-12T17:59:39.212771 #11731]  INFO -- : update_stx: output: #<CKB::Types::Output:0x00007fcae897e338>, output_data: 0x80841e0000000000
I, [2020-11-12T17:59:39.213278 #11731]  INFO -- : update_stx: ckb branch.
I, [2020-11-12T17:59:39.213321 #11731]  INFO -- : update_stx: begin.
I, [2020-11-12T17:59:39.213342 #11731]  INFO -- : update_stx: output: #<CKB::Types::Output:0x00007fcae897e6a8>, output_data: 0x0000000000000000
I, [2020-11-12T17:59:39.214292 #11731]  INFO -- : update_stx: udt branch.
I, [2020-11-12T17:59:39.214340 #11731]  INFO -- : update_stx: begin.
I, [2020-11-12T17:59:39.214360 #11731]  INFO -- : update_stx: output: #<CKB::Types::Output:0x00007fcae897e338>, output_data: 0x80841e0000000000
I, [2020-11-12T17:59:39.214989 #11731]  INFO -- : update_stx: udt branch.
I, [2020-11-12T17:59:39.234968 #11731]  INFO -- : 0x470dcdc5e44064909650113a274b3b36aecb6dc7 make exchange.
I, [2020-11-12T17:59:39.333972 #11731]  INFO -- : 0x038d3cfceea4f9c2e76c5c4f5e99aec74c26d6ac894648b5700a0b71f91f9b5c2a msg7 comes, the number of record in the db is 1, id: 835581e9c66292bb7be7338247f7accd
I, [2020-11-12T17:59:39.339665 #11731]  INFO -- : 0x038d3cfceea4f9c2e76c5c4f5e99aec74c26d6ac894648b5700a0b71f91f9b5c2a check msg 7: begin to check the info.
I, [2020-11-12T17:59:39.357723 #11731]  INFO -- : verify_info_args: length is right!
I, [2020-11-12T17:59:39.357783 #11731]  INFO -- : verify_info_args: witnesses are right!
I, [2020-11-12T17:59:39.357812 #11731]  INFO -- : verify_info_args: outputs and outputs_data are right!
I, [2020-11-12T17:59:39.362819 #11731]  INFO -- : verify_info_args: length is right!
I, [2020-11-12T17:59:39.362872 #11731]  INFO -- : verify_info_args: witnesses are right!
I, [2020-11-12T17:59:39.362901 #11731]  INFO -- : verify_info_args: outputs and outputs_data are right!
I, [2020-11-12T17:59:41.897136 #11751]  INFO -- : 0x470dcdc5e44064909650113a274b3b36aecb6dc7 send_payments: prepare to send {:udt=>1}
I, [2020-11-12T17:59:41.898163 #11751]  INFO -- : 0x470dcdc5e44064909650113a274b3b36aecb6dc7 is payer.
I, [2020-11-12T17:59:41.898194 #11751]  INFO -- : 0xf261ea0fca37e5dbaf797640d36d382ca66c22f5 is payee.
I, [2020-11-12T17:59:41.898215 #11751]  INFO -- : update_stx: begin.
I, [2020-11-12T17:59:41.898235 #11751]  INFO -- : update_stx: output: #<CKB::Types::Output:0x00007ff1a925a218>, output_data: 0x0a00000000000000
I, [2020-11-12T17:59:41.898440 #11751]  INFO -- : update_stx: udt branch.
I, [2020-11-12T17:59:41.898473 #11751]  INFO -- : update_stx: begin.
I, [2020-11-12T17:59:41.898492 #11751]  INFO -- : update_stx: output: #<CKB::Types::Output:0x00007ff1a9259c78>, output_data: 0x76841e0000000000
I, [2020-11-12T17:59:41.898676 #11751]  INFO -- : update_stx: udt branch.
I, [2020-11-12T17:59:41.906136 #11751]  INFO -- : 0x470dcdc5e44064909650113a274b3b36aecb6dc7 sent payment
I, [2020-11-12T17:59:42.005757 #11751]  INFO -- : 0x038d3cfceea4f9c2e76c5c4f5e99aec74c26d6ac894648b5700a0b71f91f9b5c2a msg7 comes, the number of record in the db is 1, id: 835581e9c66292bb7be7338247f7accd
I, [2020-11-12T17:59:42.013518 #11751]  INFO -- : 0x038d3cfceea4f9c2e76c5c4f5e99aec74c26d6ac894648b5700a0b71f91f9b5c2a check msg 7: begin to check the info.
I, [2020-11-12T17:59:42.021940 #11751]  INFO -- : verify_info_args: length is right!
I, [2020-11-12T17:59:42.021984 #11751]  INFO -- : verify_info_args: witnesses are right!
I, [2020-11-12T17:59:42.022009 #11751]  INFO -- : verify_info_args: outputs and outputs_data are right!
I, [2020-11-12T17:59:42.022728 #11751]  INFO -- : verify_info_args: length is right!
I, [2020-11-12T17:59:42.022747 #11751]  INFO -- : verify_info_args: witnesses are right!
I, [2020-11-12T17:59:42.022770 #11751]  INFO -- : verify_info_args: outputs and outputs_data are right!
I, [2020-11-12T17:59:52.785818 #11779]  INFO -- : 0x470dcdc5e44064909650113a274b3b36aecb6dc7 send_payments: prepare to send {:udt=>1}
I, [2020-11-12T17:59:52.786126 #11779]  INFO -- : 0x470dcdc5e44064909650113a274b3b36aecb6dc7 is payer.
I, [2020-11-12T17:59:52.786154 #11779]  INFO -- : 0xf261ea0fca37e5dbaf797640d36d382ca66c22f5 is payee.
I, [2020-11-12T17:59:52.786175 #11779]  INFO -- : update_stx: begin.
I, [2020-11-12T17:59:52.786195 #11779]  INFO -- : update_stx: output: #<CKB::Types::Output:0x00007f9c5f9770b8>, output_data: 0x0900000000000000
I, [2020-11-12T17:59:52.786408 #11779]  INFO -- : update_stx: udt branch.
I, [2020-11-12T17:59:52.786440 #11779]  INFO -- : update_stx: begin.
I, [2020-11-12T17:59:52.786460 #11779]  INFO -- : update_stx: output: #<CKB::Types::Output:0x00007f9c5f976b68>, output_data: 0x77841e0000000000
I, [2020-11-12T17:59:52.786652 #11779]  INFO -- : update_stx: udt branch.
I, [2020-11-12T17:59:52.795391 #11779]  INFO -- : 0x470dcdc5e44064909650113a274b3b36aecb6dc7 sent payment
I, [2020-11-12T17:59:52.878233 #11779]  INFO -- : 0x038d3cfceea4f9c2e76c5c4f5e99aec74c26d6ac894648b5700a0b71f91f9b5c2a msg7 comes, the number of record in the db is 1, id: 835581e9c66292bb7be7338247f7accd
I, [2020-11-12T17:59:52.883976 #11779]  INFO -- : 0x038d3cfceea4f9c2e76c5c4f5e99aec74c26d6ac894648b5700a0b71f91f9b5c2a check msg 7: begin to check the info.
I, [2020-11-12T17:59:52.893520 #11779]  INFO -- : verify_info_args: length is right!
I, [2020-11-12T17:59:52.893577 #11779]  INFO -- : verify_info_args: witnesses are right!
I, [2020-11-12T17:59:52.893606 #11779]  INFO -- : verify_info_args: outputs and outputs_data are right!
I, [2020-11-12T17:59:52.894521 #11779]  INFO -- : verify_info_args: length is right!
I, [2020-11-12T17:59:52.894554 #11779]  INFO -- : verify_info_args: witnesses are right!
I, [2020-11-12T17:59:52.894583 #11779]  INFO -- : verify_info_args: outputs and outputs_data are right!
I, [2020-11-12T18:00:23.154861 #11820]  INFO -- : 0x470dcdc5e44064909650113a274b3b36aecb6dc7 make_exchange: udt2ckb
I, [2020-11-12T18:00:23.154939 #11820]  INFO -- : 0x470dcdc5e44064909650113a274b3b36aecb6dc7 is payer, 0xf261ea0fca37e5dbaf797640d36d382ca66c22f5 is payee.
I, [2020-11-12T18:00:23.155207 #11820]  INFO -- : update_stx: begin.
I, [2020-11-12T18:00:23.155238 #11820]  INFO -- : update_stx: output: #<CKB::Types::Output:0x00007feade2b6170>, output_data: 0x0800000000000000
I, [2020-11-12T18:00:23.155453 #11820]  INFO -- : update_stx: ckb branch.
I, [2020-11-12T18:00:23.155506 #11820]  INFO -- : update_stx: begin.
I, [2020-11-12T18:00:23.155527 #11820]  INFO -- : update_stx: output: #<CKB::Types::Output:0x00007feade2b5db0>, output_data: 0x78841e0000000000
I, [2020-11-12T18:00:23.156086 #11820]  INFO -- : update_stx: ckb branch.
I, [2020-11-12T18:00:23.156140 #11820]  INFO -- : update_stx: begin.
I, [2020-11-12T18:00:23.156163 #11820]  INFO -- : update_stx: output: #<CKB::Types::Output:0x00007feade2b6170>, output_data: 0x0800000000000000
I, [2020-11-12T18:00:23.157105 #11820]  INFO -- : update_stx: udt branch.
I, [2020-11-12T18:00:23.157145 #11820]  INFO -- : update_stx: begin.
I, [2020-11-12T18:00:23.157168 #11820]  INFO -- : update_stx: output: #<CKB::Types::Output:0x00007feade2b5db0>, output_data: 0x78841e0000000000
I, [2020-11-12T18:00:23.157841 #11820]  INFO -- : update_stx: udt branch.
I, [2020-11-12T18:00:23.176273 #11820]  INFO -- : 0x470dcdc5e44064909650113a274b3b36aecb6dc7 make exchange.
I, [2020-11-12T18:00:23.274855 #11820]  INFO -- : 0x038d3cfceea4f9c2e76c5c4f5e99aec74c26d6ac894648b5700a0b71f91f9b5c2a msg7 comes, the number of record in the db is 1, id: 835581e9c66292bb7be7338247f7accd
I, [2020-11-12T18:00:23.281825 #11820]  INFO -- : 0x038d3cfceea4f9c2e76c5c4f5e99aec74c26d6ac894648b5700a0b71f91f9b5c2a check msg 7: begin to check the info.
I, [2020-11-12T18:00:23.299012 #11820]  INFO -- : verify_info_args: length is right!
I, [2020-11-12T18:00:23.299064 #11820]  INFO -- : verify_info_args: witnesses are right!
I, [2020-11-12T18:00:23.299091 #11820]  INFO -- : verify_info_args: outputs and outputs_data are right!
I, [2020-11-12T18:00:23.303612 #11820]  INFO -- : verify_info_args: length is right!
I, [2020-11-12T18:00:23.303654 #11820]  INFO -- : verify_info_args: witnesses are right!
I, [2020-11-12T18:00:23.303680 #11820]  INFO -- : verify_info_args: outputs and outputs_data are right!
I, [2020-11-12T18:00:38.679329 #11875]  INFO -- : 0x038d3cfceea4f9c2e76c5c4f5e99aec74c26d6ac894648b5700a0b71f91f9b5c2a msg9 comes, the number of record in the db is 1, id: 835581e9c66292bb7be7338247f7accd
I, [2020-11-12T18:00:38.694345 #11875]  INFO -- : 0x038d3cfceea4f9c2e76c5c4f5e99aec74c26d6ac894648b5700a0b71f91f9b5c2a check msg 9: msg parsed.
I, [2020-11-12T18:00:38.694422 #11875]  INFO -- : 0x038d3cfceea4f9c2e76c5c4f5e99aec74c26d6ac894648b5700a0b71f91f9b5c2a check msg 9: settlement is right.
I, [2020-11-12T18:00:38.695516 #11875]  INFO -- : 0x038d3cfceea4f9c2e76c5c4f5e99aec74c26d6ac894648b5700a0b71f91f9b5c2a check msg 9: cell all live.
I, [2020-11-12T18:00:38.709804 #11875]  INFO -- : 0x038d3cfceea4f9c2e76c5c4f5e99aec74c26d6ac894648b5700a0b71f91f9b5c2a check msg 9: begin to constrct terminal transaction.
I, [2020-11-12T18:00:38.714486 #11875]  INFO -- : sign_tx: finish input_group.
I, [2020-11-12T18:00:38.714747 #11875]  INFO -- : sign_tx: include the first witness.
I, [2020-11-12T18:00:38.714771 #11875]  INFO -- : sign_tx: include the witness in the same group.
I, [2020-11-12T18:00:38.714789 #11875]  INFO -- : sign_tx: include other witnesses.
I, [2020-11-12T18:00:38.718014 #11875]  INFO -- : sign_tx: sign successfully.
I, [2020-11-12T18:00:38.718039 #11875]  INFO -- : sign_tx: all done.
I, [2020-11-12T18:00:38.744999 #11875]  INFO -- : Send settlement tx (the good case.) with hash 0xde695888282c91b5a3ef6ff8e6c56fcf26e7c455b023e85a0d72774cc2987b68.
I, [2020-11-12T18:01:14.351523 #11982]  INFO -- : 0x038d3cfceea4f9c2e76c5c4f5e99aec74c26d6ac894648b5700a0b71f91f9b5c2a msg9 comes, the number of record in the db is 1, id: 0459ff7946cf14a7db26d9f6f4095896
I, [2020-11-12T18:01:14.365605 #11982]  INFO -- : 0x038d3cfceea4f9c2e76c5c4f5e99aec74c26d6ac894648b5700a0b71f91f9b5c2a check msg 9: msg parsed.
I, [2020-11-12T18:01:14.365682 #11982]  INFO -- : 0x038d3cfceea4f9c2e76c5c4f5e99aec74c26d6ac894648b5700a0b71f91f9b5c2a check msg 9: settlement is right.
I, [2020-11-12T18:01:14.367604 #11982]  INFO -- : 0x038d3cfceea4f9c2e76c5c4f5e99aec74c26d6ac894648b5700a0b71f91f9b5c2a check msg 9: cell all live.
I, [2020-11-12T18:01:14.383512 #11982]  INFO -- : 0x038d3cfceea4f9c2e76c5c4f5e99aec74c26d6ac894648b5700a0b71f91f9b5c2a check msg 9: begin to constrct terminal transaction.
I, [2020-11-12T18:01:14.384283 #11982]  INFO -- : sign_tx: finish input_group.
I, [2020-11-12T18:01:14.384553 #11982]  INFO -- : sign_tx: include the first witness.
I, [2020-11-12T18:01:14.384581 #11982]  INFO -- : sign_tx: include the witness in the same group.
I, [2020-11-12T18:01:14.384601 #11982]  INFO -- : sign_tx: include other witnesses.
I, [2020-11-12T18:01:14.388118 #11982]  INFO -- : sign_tx: sign successfully.
I, [2020-11-12T18:01:14.388154 #11982]  INFO -- : sign_tx: all done.
I, [2020-11-12T18:01:14.413507 #11982]  INFO -- : Send settlement tx (the good case.) with hash 0xceadeadd5d0aec7b48323c4d5853dcee015e28945792b5cf4b376caa67499348.
